[2019-06-13T22:29:48.407] [INFO] app - RESTful API server started on: 80 :::: Server listening
[2019-06-13T22:30:56.346] [WARN] app - Logfile 1 files :::: Time 116 ms :::: SUCCESS !!
[2019-06-13T22:31:56.555] [WARN] app - Logfile 1 files :::: Time 133 ms :::: SUCCESS !!
[2019-06-13T22:39:10.840] [ERROR] app - Something went wrong: TypeError: Cannot read property 'Time' of undefined
    at /usr/src/app/src/server.js:168:178
    at Array.forEach (<anonymous>)
    at _callee$ (/usr/src/app/src/server.js:123:15)
    at tryCatch (/usr/src/app/node_modules/regenerator-runtime/runtime.js:62:40)
    at Generator.invoke [as _invoke] (/usr/src/app/node_modules/regenerator-runtime/runtime.js:296:22)
    at Generator.prototype.(anonymous function) [as next] (/usr/src/app/node_modules/regenerator-runtime/runtime.js:114:21)
    at step (/usr/src/app/node_modules/babel-runtime/helpers/asyncToGenerator.js:17:30)
    at /usr/src/app/node_modules/babel-runtime/helpers/asyncToGenerator.js:35:14
    at new Promise (<anonymous>)
    at new F (/usr/src/app/node_modules/core-js/library/modules/_export.js:36:28)
[2019-06-13T22:39:13.471] [ERROR] app - Something went wrong: TypeError: Cannot read property 'Time' of undefined
    at /usr/src/app/src/server.js:168:178
    at Array.forEach (<anonymous>)
    at _callee$ (/usr/src/app/src/server.js:123:15)
    at tryCatch (/usr/src/app/node_modules/regenerator-runtime/runtime.js:62:40)
    at Generator.invoke [as _invoke] (/usr/src/app/node_modules/regenerator-runtime/runtime.js:296:22)
    at Generator.prototype.(anonymous function) [as next] (/usr/src/app/node_modules/regenerator-runtime/runtime.js:114:21)
    at step (/usr/src/app/node_modules/babel-runtime/helpers/asyncToGenerator.js:17:30)
    at /usr/src/app/node_modules/babel-runtime/helpers/asyncToGenerator.js:35:14
    at new Promise (<anonymous>)
    at new F (/usr/src/app/node_modules/core-js/library/modules/_export.js:36:28)
[2019-06-13T22:39:14.822] [ERROR] app - Something went wrong: TypeError: Cannot read property 'Time' of undefined
    at /usr/src/app/src/server.js:168:178
    at Array.forEach (<anonymous>)
    at _callee$ (/usr/src/app/src/server.js:123:15)
    at tryCatch (/usr/src/app/node_modules/regenerator-runtime/runtime.js:62:40)
    at Generator.invoke [as _invoke] (/usr/src/app/node_modules/regenerator-runtime/runtime.js:296:22)
    at Generator.prototype.(anonymous function) [as next] (/usr/src/app/node_modules/regenerator-runtime/runtime.js:114:21)
    at step (/usr/src/app/node_modules/babel-runtime/helpers/asyncToGenerator.js:17:30)
    at /usr/src/app/node_modules/babel-runtime/helpers/asyncToGenerator.js:35:14
    at new Promise (<anonymous>)
    at new F (/usr/src/app/node_modules/core-js/library/modules/_export.js:36:28)
[2019-06-13T22:39:19.036] [WARN] app - Logfile 1 files :::: Time 209 ms :::: SUCCESS !!
[2019-06-14T01:10:45.712] [INFO] app - RESTful API server started on: 80 :::: Server listening
[2019-06-14T01:24:44.680] [WARN] app - Logfile 1 files :::: Time 137 ms :::: SUCCESS !!
[2019-06-14T01:25:00.978] [ERROR] app - Something went wrong: TypeError: Cannot read property 'Time' of undefined
    at /usr/src/app/src/server.js:168:178
    at Array.forEach (<anonymous>)
    at _callee$ (/usr/src/app/src/server.js:123:15)
    at tryCatch (/usr/src/app/node_modules/regenerator-runtime/runtime.js:62:40)
    at Generator.invoke [as _invoke] (/usr/src/app/node_modules/regenerator-runtime/runtime.js:296:22)
    at Generator.prototype.(anonymous function) [as next] (/usr/src/app/node_modules/regenerator-runtime/runtime.js:114:21)
    at step (/usr/src/app/node_modules/babel-runtime/helpers/asyncToGenerator.js:17:30)
    at /usr/src/app/node_modules/babel-runtime/helpers/asyncToGenerator.js:35:14
    at new Promise (<anonymous>)
    at new F (/usr/src/app/node_modules/core-js/library/modules/_export.js:36:28)
[2019-06-14T01:25:03.772] [WARN] app - Logfile 1 files :::: Time 158 ms :::: SUCCESS !!
[2019-06-14T01:26:34.155] [ERROR] app - Something went wrong: TypeError: Cannot read property 'Time' of undefined
    at /usr/src/app/src/server.js:168:178
    at Array.forEach (<anonymous>)
    at _callee$ (/usr/src/app/src/server.js:123:15)
    at tryCatch (/usr/src/app/node_modules/regenerator-runtime/runtime.js:62:40)
    at Generator.invoke [as _invoke] (/usr/src/app/node_modules/regenerator-runtime/runtime.js:296:22)
    at Generator.prototype.(anonymous function) [as next] (/usr/src/app/node_modules/regenerator-runtime/runtime.js:114:21)
    at step (/usr/src/app/node_modules/babel-runtime/helpers/asyncToGenerator.js:17:30)
    at /usr/src/app/node_modules/babel-runtime/helpers/asyncToGenerator.js:35:14
    at new Promise (<anonymous>)
    at new F (/usr/src/app/node_modules/core-js/library/modules/_export.js:36:28)
[2019-06-14T01:26:38.662] [WARN] app - Logfile 1 files :::: Time 128 ms :::: SUCCESS !!
[2019-06-14T01:28:00.691] [WARN] app - Logfile 1 files :::: Time 126 ms :::: SUCCESS !!
[2019-06-14T01:28:13.627] [WARN] app - Logfile 1 files :::: Time 101 ms :::: SUCCESS !!
[2019-06-14T01:29:06.807] [INFO] app - RESTful API server started on: 80 :::: Server listening
[2019-06-14T01:29:30.390] [INFO] app - RESTful API server started on: 80 :::: Server listening
[2019-06-14T01:29:35.572] [WARN] app - Logfile 1 files :::: Time 159 ms :::: SUCCESS !!
[2019-06-14T02:34:30.078] [INFO] app - RESTful API server started on: 80 :::: Server listening
[2019-06-14T02:49:52.272] [INFO] app - RESTful API server started on: 80 :::: Server listening
[2019-06-14T02:51:16.046] [INFO] app - RESTful API server started on: 80 :::: Server listening
[2019-06-14T02:51:23.356] [INFO] app - RESTful API server started on: 80 :::: Server listening
[2019-06-14T02:52:29.962] [INFO] app - RESTful API server started on: 80 :::: Server listening
[2019-06-14T02:54:31.844] [INFO] app - RESTful API server started on: 80 :::: Server listening
[2019-06-14T02:56:38.180] [INFO] app - RESTful API server started on: 80 :::: Server listening
[2019-06-14T02:56:56.242] [INFO] app - RESTful API server started on: 80 :::: Server listening
[2019-06-14T02:57:59.543] [INFO] app - RESTful API server started on: 80 :::: Server listening
[2019-06-14T03:01:11.035] [INFO] app - RESTful API server started on: 80 :::: Server listening
[2019-06-14T03:04:59.587] [INFO] app - RESTful API server started on: 80 :::: Server listening
[2019-06-14T03:05:24.112] [INFO] app - RESTful API server started on: 80 :::: Server listening
[2019-06-14T03:06:52.269] [INFO] app - RESTful API server started on: 80 :::: Server listening
[2019-06-14T03:07:10.714] [INFO] app - RESTful API server started on: 80 :::: Server listening
[2019-06-14T03:12:30.849] [INFO] app - RESTful API server started on: 80 :::: Server listening
[2019-06-14T18:54:50.367] [INFO] app - RESTful API server started on: 80 :::: Server listening
[2019-06-14T18:59:45.080] [WARN] app - Logfile 1 files :::: Time 157 ms :::: SUCCESS !!
[2019-06-14T19:00:43.712] [WARN] app - Logfile 1 files :::: Time 146 ms :::: SUCCESS !!
[2019-06-14T19:01:39.752] [WARN] app - Logfile 1 files :::: Time 194 ms :::: SUCCESS !!
[2019-06-14T19:04:30.838] [ERROR] app - Something went wrong: TypeError: Cannot read property 'Time' of undefined
    at /usr/src/app/src/server.js:175:178
    at Array.forEach (<anonymous>)
    at _callee$ (/usr/src/app/src/server.js:130:15)
    at tryCatch (/usr/src/app/node_modules/regenerator-runtime/runtime.js:62:40)
    at Generator.invoke [as _invoke] (/usr/src/app/node_modules/regenerator-runtime/runtime.js:296:22)
    at Generator.prototype.(anonymous function) [as next] (/usr/src/app/node_modules/regenerator-runtime/runtime.js:114:21)
    at step (/usr/src/app/node_modules/babel-runtime/helpers/asyncToGenerator.js:17:30)
    at /usr/src/app/node_modules/babel-runtime/helpers/asyncToGenerator.js:35:14
    at new Promise (<anonymous>)
    at new F (/usr/src/app/node_modules/core-js/library/modules/_export.js:36:28)
[2019-06-14T19:04:32.780] [ERROR] app - Something went wrong: TypeError: Cannot read property 'Time' of undefined
    at /usr/src/app/src/server.js:175:178
    at Array.forEach (<anonymous>)
    at _callee$ (/usr/src/app/src/server.js:130:15)
    at tryCatch (/usr/src/app/node_modules/regenerator-runtime/runtime.js:62:40)
    at Generator.invoke [as _invoke] (/usr/src/app/node_modules/regenerator-runtime/runtime.js:296:22)
    at Generator.prototype.(anonymous function) [as next] (/usr/src/app/node_modules/regenerator-runtime/runtime.js:114:21)
    at step (/usr/src/app/node_modules/babel-runtime/helpers/asyncToGenerator.js:17:30)
    at /usr/src/app/node_modules/babel-runtime/helpers/asyncToGenerator.js:35:14
    at new Promise (<anonymous>)
    at new F (/usr/src/app/node_modules/core-js/library/modules/_export.js:36:28)
[2019-06-14T19:04:34.745] [WARN] app - Logfile 1 files :::: Time 161 ms :::: SUCCESS !!
[2019-06-14T19:08:11.060] [ERROR] app - Something went wrong: TypeError: Cannot read property 'Time' of undefined
    at /usr/src/app/src/server.js:175:178
    at Array.forEach (<anonymous>)
    at _callee$ (/usr/src/app/src/server.js:130:15)
    at tryCatch (/usr/src/app/node_modules/regenerator-runtime/runtime.js:62:40)
    at Generator.invoke [as _invoke] (/usr/src/app/node_modules/regenerator-runtime/runtime.js:296:22)
    at Generator.prototype.(anonymous function) [as next] (/usr/src/app/node_modules/regenerator-runtime/runtime.js:114:21)
    at step (/usr/src/app/node_modules/babel-runtime/helpers/asyncToGenerator.js:17:30)
    at /usr/src/app/node_modules/babel-runtime/helpers/asyncToGenerator.js:35:14
    at new Promise (<anonymous>)
    at new F (/usr/src/app/node_modules/core-js/library/modules/_export.js:36:28)
[2019-06-14T19:08:15.295] [WARN] app - Logfile 1 files :::: Time 169 ms :::: SUCCESS !!
[2019-06-14T19:10:25.421] [ERROR] app - Something went wrong: TypeError: Cannot read property 'Time' of undefined
    at /usr/src/app/src/server.js:175:178
    at Array.forEach (<anonymous>)
    at _callee$ (/usr/src/app/src/server.js:130:15)
    at tryCatch (/usr/src/app/node_modules/regenerator-runtime/runtime.js:62:40)
    at Generator.invoke [as _invoke] (/usr/src/app/node_modules/regenerator-runtime/runtime.js:296:22)
    at Generator.prototype.(anonymous function) [as next] (/usr/src/app/node_modules/regenerator-runtime/runtime.js:114:21)
    at step (/usr/src/app/node_modules/babel-runtime/helpers/asyncToGenerator.js:17:30)
    at /usr/src/app/node_modules/babel-runtime/helpers/asyncToGenerator.js:35:14
    at new Promise (<anonymous>)
    at new F (/usr/src/app/node_modules/core-js/library/modules/_export.js:36:28)
[2019-06-14T19:10:30.115] [ERROR] app - Something went wrong: TypeError: Cannot read property 'Time' of undefined
    at /usr/src/app/src/server.js:175:178
    at Array.forEach (<anonymous>)
    at _callee$ (/usr/src/app/src/server.js:130:15)
    at tryCatch (/usr/src/app/node_modules/regenerator-runtime/runtime.js:62:40)
    at Generator.invoke [as _invoke] (/usr/src/app/node_modules/regenerator-runtime/runtime.js:296:22)
    at Generator.prototype.(anonymous function) [as next] (/usr/src/app/node_modules/regenerator-runtime/runtime.js:114:21)
    at step (/usr/src/app/node_modules/babel-runtime/helpers/asyncToGenerator.js:17:30)
    at /usr/src/app/node_modules/babel-runtime/helpers/asyncToGenerator.js:35:14
    at new Promise (<anonymous>)
    at new F (/usr/src/app/node_modules/core-js/library/modules/_export.js:36:28)
[2019-06-14T19:10:31.341] [ERROR] app - Something went wrong: TypeError: Cannot read property 'Time' of undefined
    at /usr/src/app/src/server.js:175:178
    at Array.forEach (<anonymous>)
    at _callee$ (/usr/src/app/src/server.js:130:15)
    at tryCatch (/usr/src/app/node_modules/regenerator-runtime/runtime.js:62:40)
    at Generator.invoke [as _invoke] (/usr/src/app/node_modules/regenerator-runtime/runtime.js:296:22)
    at Generator.prototype.(anonymous function) [as next] (/usr/src/app/node_modules/regenerator-runtime/runtime.js:114:21)
    at step (/usr/src/app/node_modules/babel-runtime/helpers/asyncToGenerator.js:17:30)
    at /usr/src/app/node_modules/babel-runtime/helpers/asyncToGenerator.js:35:14
    at new Promise (<anonymous>)
    at new F (/usr/src/app/node_modules/core-js/library/modules/_export.js:36:28)
[2019-06-14T19:10:32.234] [WARN] app - Logfile 1 files :::: Time 92 ms :::: SUCCESS !!
[2019-06-14T19:36:43.871] [INFO] app - RESTful API server started on: 80 :::: Server listening
[2019-06-14T19:36:48.701] [WARN] app - Logfile 1 files :::: Time 117 ms :::: SUCCESS !!
[2019-06-14T19:43:02.147] [INFO] app - RESTful API server started on: 80 :::: Server listening
[2019-06-14T19:43:25.152] [WARN] app - Logfile 1 files :::: Time 163 ms :::: SUCCESS !!
[2019-06-14T19:46:20.087] [ERROR] app - Something went wrong: TypeError: Cannot read property 'Time' of undefined
    at /usr/src/app/src/server.js:175:178
    at Array.forEach (<anonymous>)
    at _callee$ (/usr/src/app/src/server.js:130:15)
    at tryCatch (/usr/src/app/node_modules/regenerator-runtime/runtime.js:62:40)
    at Generator.invoke [as _invoke] (/usr/src/app/node_modules/regenerator-runtime/runtime.js:296:22)
    at Generator.prototype.(anonymous function) [as next] (/usr/src/app/node_modules/regenerator-runtime/runtime.js:114:21)
    at step (/usr/src/app/node_modules/babel-runtime/helpers/asyncToGenerator.js:17:30)
    at /usr/src/app/node_modules/babel-runtime/helpers/asyncToGenerator.js:35:14
    at new Promise (<anonymous>)
    at new F (/usr/src/app/node_modules/core-js/library/modules/_export.js:36:28)
[2019-06-14T19:46:21.639] [WARN] app - Logfile 1 files :::: Time 163 ms :::: SUCCESS !!
[2019-06-14T19:47:21.608] [WARN] app - Logfile 1 files :::: Time 158 ms :::: SUCCESS !!
[2019-06-14T20:02:52.986] [WARN] app - Logfile 1 files :::: Time 100 ms :::: SUCCESS !!
[2019-06-14T20:03:09.781] [WARN] app - Logfile 1 files :::: Time 152 ms :::: SUCCESS !!
[2019-06-14T20:03:47.982] [WARN] app - Logfile 1 files :::: Time 117 ms :::: SUCCESS !!
[2019-06-14T20:04:06.211] [WARN] app - Logfile 1 files :::: Time 129 ms :::: SUCCESS !!
[2019-06-14T20:13:24.290] [INFO] app - RESTful API server started on: 80 :::: Server listening
[2019-06-14T20:13:44.491] [WARN] app - Logfile 1 files :::: Time 143 ms :::: SUCCESS !!
[2019-06-14T20:13:53.537] [WARN] app - Logfile 1 files :::: Time 145 ms :::: SUCCESS !!
[2019-06-14T20:19:23.904] [ERROR] app - Something went wrong: TypeError: Cannot read property 'Time' of undefined
    at /usr/src/app/src/server.js:175:178
    at Array.forEach (<anonymous>)
    at _callee$ (/usr/src/app/src/server.js:130:15)
    at tryCatch (/usr/src/app/node_modules/regenerator-runtime/runtime.js:62:40)
    at Generator.invoke [as _invoke] (/usr/src/app/node_modules/regenerator-runtime/runtime.js:296:22)
    at Generator.prototype.(anonymous function) [as next] (/usr/src/app/node_modules/regenerator-runtime/runtime.js:114:21)
    at step (/usr/src/app/node_modules/babel-runtime/helpers/asyncToGenerator.js:17:30)
    at /usr/src/app/node_modules/babel-runtime/helpers/asyncToGenerator.js:35:14
    at new Promise (<anonymous>)
    at new F (/usr/src/app/node_modules/core-js/library/modules/_export.js:36:28)
[2019-06-14T20:19:25.323] [WARN] app - Logfile 1 files :::: Time 165 ms :::: SUCCESS !!
[2019-06-14T20:22:48.372] [INFO] app - RESTful API server started on: 80 :::: Server listening
[2019-06-14T20:23:30.813] [WARN] app - Logfile 1 files :::: Time 126 ms :::: SUCCESS !!
[2019-06-14T20:23:39.177] [WARN] app - Logfile 1 files :::: Time 119 ms :::: SUCCESS !!
[2019-06-14T20:26:10.246] [ERROR] app - Something went wrong: TypeError: Cannot read property 'Time' of undefined
    at /usr/src/app/src/server.js:175:178
    at Array.forEach (<anonymous>)
    at _callee$ (/usr/src/app/src/server.js:130:15)
    at tryCatch (/usr/src/app/node_modules/regenerator-runtime/runtime.js:62:40)
    at Generator.invoke [as _invoke] (/usr/src/app/node_modules/regenerator-runtime/runtime.js:296:22)
    at Generator.prototype.(anonymous function) [as next] (/usr/src/app/node_modules/regenerator-runtime/runtime.js:114:21)
    at step (/usr/src/app/node_modules/babel-runtime/helpers/asyncToGenerator.js:17:30)
    at /usr/src/app/node_modules/babel-runtime/helpers/asyncToGenerator.js:35:14
    at new Promise (<anonymous>)
    at new F (/usr/src/app/node_modules/core-js/library/modules/_export.js:36:28)
[2019-06-14T20:26:11.552] [WARN] app - Logfile 1 files :::: Time 142 ms :::: SUCCESS !!
[2019-06-14T20:30:29.668] [INFO] app - RESTful API server started on: 80 :::: Server listening
[2019-06-14T20:30:59.227] [WARN] app - Logfile 1 files :::: Time 169 ms :::: SUCCESS !!
[2019-06-15T01:07:12.912] [ERROR] app - Something went wrong: TypeError: Cannot read property 'Time' of undefined
    at /usr/src/app/src/server.js:175:178
    at Array.forEach (<anonymous>)
    at _callee$ (/usr/src/app/src/server.js:130:15)
    at tryCatch (/usr/src/app/node_modules/regenerator-runtime/runtime.js:62:40)
    at Generator.invoke [as _invoke] (/usr/src/app/node_modules/regenerator-runtime/runtime.js:296:22)
    at Generator.prototype.(anonymous function) [as next] (/usr/src/app/node_modules/regenerator-runtime/runtime.js:114:21)
    at step (/usr/src/app/node_modules/babel-runtime/helpers/asyncToGenerator.js:17:30)
    at /usr/src/app/node_modules/babel-runtime/helpers/asyncToGenerator.js:35:14
    at new Promise (<anonymous>)
    at new F (/usr/src/app/node_modules/core-js/library/modules/_export.js:36:28)
[2019-06-15T01:07:14.308] [WARN] app - Logfile 1 files :::: Time 116 ms :::: SUCCESS !!
[2019-06-15T01:07:48.269] [WARN] app - Logfile 39 files :::: Time 2759 ms :::: SUCCESS !!
[2019-06-15T01:08:31.912] [WARN] app - Logfile 39 files :::: Time 2586 ms :::: SUCCESS !!
[2019-06-15T01:12:44.267] [WARN] app - Logfile 39 files :::: Time 2704 ms :::: SUCCESS !!
[2019-06-15T01:15:00.520] [INFO] app - RESTful API server started on: 80 :::: Server listening
[2019-06-15T01:15:06.558] [WARN] app - Logfile 1 files :::: Time 152 ms :::: SUCCESS !!
[2019-06-15T01:16:09.606] [INFO] app - RESTful API server started on: 80 :::: Server listening
[2019-06-15T01:16:24.547] [WARN] app - Logfile 39 files :::: Time 3026 ms :::: SUCCESS !!
[2019-06-15T02:34:25.673] [WARN] app - Logfile 39 files :::: Time 3793 ms :::: SUCCESS !!
